<?xml version="1.0"?><coverage lines-covered="666" lines-valid="1098" line-rate="0.6065573770491803" branches-covered="0" branches-valid="0" branch-rate="0" complexity="0" version="1.9" timestamp="1780675536"><sources><source>C:\Users\robin\Projects\rancer</source></sources><packages><package name="src\window" line-rate="0" branch-rate="0" complexity="0"><classes></classes></package><package name="src\tools" line-rate="0.8532110091743119" branch-rate="0" complexity="0"><classes><class name="brush_tool" filename="src\tools\brush_tool.rs" line-rate="0.8691588785046729" branch-rate="0" complexity="0"><methods/><lines><line number="18" hits="0"/><line number="37" hits="2305843009213693952"/><line number="40" hits="2305843009213693952"/><line number="46" hits="2305843009213693952"/><line number="56" hits="0"/><line number="57" hits="0"/><line number="60" hits="144115188075855872"/><line number="61" hits="144115188075855872"/><line number="64" hits="144115188075855872"/><line number="65" hits="144115188075855872"/><line number="68" hits="72057594037927936"/><line number="69" hits="72057594037927936"/><line number="72" hits="72057594037927936"/><line number="73" hits="72057594037927936"/><line number="76" hits="0"/><line number="77" hits="0"/><line number="80" hits="1801439850948198400"/><line number="81" hits="2233785415175766016"/><line number="82" hits="1729382256910270464"/><line number="84" hits="4107282860161892352"/><line number="85" hits="4107282860161892352"/><line number="86" hits="4107282860161892352"/><line number="87" hits="4107282860161892352"/><line number="89" hits="2738188573441261568"/><line number="90" hits="2738188573441261568"/><line number="91" hits="0"/><line number="95" hits="2738188573441261568"/><line number="96" hits="2738188573441261568"/><line number="97" hits="2738188573441261568"/><line number="98" hits="1369094286720630784"/><line number="101" hits="2738188573441261568"/><line number="102" hits="2738188573441261568"/><line number="103" hits="2738188573441261568"/><line number="104" hits="4107282860161892352"/><line number="105" hits="4107282860161892352"/><line number="107" hits="8214565720323784704"/><line number="108" hits="8214565720323784704"/><line number="112" hits="432345564227567616"/><line number="113" hits="1297036692682702848"/><line number="114" hits="1297036692682702848"/><line number="115" hits="1297036692682702848"/><line number="116" hits="864691128455135232"/><line number="117" hits="864691128455135232"/><line number="118" hits="1297036692682702848"/><line number="120" hits="864691128455135232"/><line number="121" hits="864691128455135232"/><line number="122" hits="0"/><line number="125" hits="864691128455135232"/><line number="126" hits="864691128455135232"/><line number="127" hits="864691128455135232"/><line number="128" hits="1297036692682702848"/><line number="129" hits="1297036692682702848"/><line number="131" hits="3026418949592973312"/><line number="132" hits="2594073385365405696"/><line number="137" hits="0"/><line number="138" hits="0"/><line number="143" hits="792633534417207296"/><line number="144" hits="792633534417207296"/><line number="145" hits="792633534417207296"/><line number="146" hits="792633534417207296"/><line number="147" hits="3963167672086036480"/><line number="150" hits="288230376151711744"/><line number="151" hits="288230376151711744"/><line number="152" hits="576460752303423488"/><line number="153" hits="576460752303423488"/><line number="155" hits="1152921504606846976"/><line number="156" hits="1152921504606846976"/><line number="158" hits="576460752303423488"/><line number="159" hits="576460752303423488"/><line number="160" hits="1152921504606846976"/><line number="162" hits="288230376151711744"/><line number="163" hits="864691128455135232"/><line number="164" hits="576460752303423488"/><line number="166" hits="2305843009213693952"/><line number="167" hits="3026418949592973312"/><line number="168" hits="4035225266123964416"/><line number="169" hits="4035225266123964416"/><line number="170" hits="4035225266123964416"/><line number="174" hits="288230376151711744"/><line number="175" hits="288230376151711744"/><line number="179" hits="72057594037927936"/><line number="180" hits="72057594037927936"/><line number="183" hits="0"/><line number="186" hits="1729382256910270464"/><line number="187" hits="1729382256910270464"/><line number="190" hits="144115188075855872"/><line number="191" hits="144115188075855872"/><line number="194" hits="1297036692682702848"/><line number="195" hits="1297036692682702848"/><line number="200" hits="0"/><line number="201" hits="0"/><line number="204" hits="72057594037927936"/><line number="205" hits="72057594037927936"/><line number="206" hits="0"/><line number="208" hits="72057594037927936"/><line number="212" hits="72057594037927936"/><line number="213" hits="72057594037927936"/><line number="214" hits="0"/><line number="216" hits="72057594037927936"/><line number="220" hits="72057594037927936"/><line number="221" hits="72057594037927936"/><line number="224" hits="72057594037927936"/><line number="225" hits="72057594037927936"/><line number="228" hits="1801439850948198400"/><line number="229" hits="1801439850948198400"/><line number="232" hits="216172782113783808"/><line number="233" hits="216172782113783808"/></lines></class><class name="mod" filename="src\tools\mod.rs" line-rate="0" branch-rate="0" complexity="0"><methods/><lines><line number="31" hits="0"/><line number="32" hits="0"/></lines></class></classes></package><package name="src\brush" line-rate="0.9583333333333334" branch-rate="0" complexity="0"><classes><class name="dab" filename="src\brush\dab.rs" line-rate="0.875" branch-rate="0" complexity="0"><methods/><lines><line number="14" hits="2954361355555045376"/><line number="15" hits="8863084066665136128"/><line number="19" hits="5908722711110090752"/><line number="23" hits="10880696699727118336"/><line number="24" hits="3170534137668829173"/><line number="25" hits="216172782113783819"/><line number="27" hits="2882303761517117418"/><line number="28" hits="5764607523034234836"/><line number="31" hits="14195346025471803392"/><line number="32" hits="9871890383196127221"/><line number="33" hits="72057594037927947"/><line number="35" hits="9799832789158199274"/><line number="36" hits="1152921504606846932"/><line number="37" hits="14123288431433875445"/><line number="41" hits="0"/><line number="42" hits="0"/></lines></class><class name="engine" filename="src\brush\engine.rs" line-rate="0.9722222222222222" branch-rate="0" complexity="0"><methods/><lines><line number="11" hits="2377900603251621888"/><line number="15" hits="4755801206503243776"/><line number="16" hits="4755801206503243776"/><line number="17" hits="4755801206503243776"/><line number="18" hits="4755801206503243776"/><line number="20" hits="2377900603251621887"/><line number="21" hits="12898309332789100544"/><line number="22" hits="9151314442816847877"/><line number="23" hits="12898309332789100545"/><line number="24" hits="18446744073709551615"/><line number="27" hits="16573246628723425258"/><line number="28" hits="16573246628723425258"/><line number="30" hits="17509995351216488436"/><line number="31" hits="1369094286720630786"/><line number="33" hits="13835058055282163686"/><line number="34" hits="0"/><line number="37" hits="6917529027641081791"/><line number="38" hits="13835058055282163686"/><line number="44" hits="1945555039024054272"/><line number="51" hits="3891110078048108544"/><line number="52" hits="14483576401623515136"/><line number="53" hits="9511602413006487552"/><line number="54" hits="9511602413006487552"/><line number="55" hits="576460752303423488"/><line number="56" hits="576460752303423488"/><line number="57" hits="576460752303423488"/><line number="58" hits="14267403619509731328"/><line number="62" hits="432345564227567621"/><line number="70" hits="13546827679130451993"/><line number="71" hits="4323455642275676160"/><line number="72" hits="4323455642275676160"/><line number="73" hits="15708555500268290048"/><line number="74" hits="14123288431433875457"/><line number="75" hits="10952754293765046276"/><line number="76" hits="10952754293765046276"/><line number="77" hits="5476377146882523138"/></lines></class><class name="round" filename="src\brush\round.rs" line-rate="1" branch-rate="0" complexity="0"><methods/><lines><line number="8" hits="2522015791327477760"/><line number="9" hits="2522015791327477760"/><line number="10" hits="288230376151711744"/><line number="13" hits="7133701809754865664"/><line number="14" hits="4755801206503243776"/><line number="15" hits="4755801206503243776"/><line number="16" hits="4755801206503243776"/><line number="17" hits="4755801206503243776"/><line number="19" hits="5332261958806667264"/><line number="20" hits="17005592192950992897"/><line number="21" hits="9655717601082343426"/><line number="22" hits="9655717601082343426"/><line number="23" hits="5260204364768739331"/><line number="24" hits="9655717601082343426"/><line number="25" hits="4755801206503243812"/><line number="26" hits="3170534137668829208"/><line number="27" hits="1585267068834414604"/><line number="29" hits="12465963768561532917"/><line number="31" hits="14915921965851082757"/><line number="34" hits="2377900603251621888"/></lines></class></classes></package><package name="src" line-rate="0.6065573770491803" branch-rate="0" complexity="0"><classes><class name="app" filename="src\app.rs" line-rate="0.8767123287671232" branch-rate="0" complexity="0"><methods/><lines><line number="24" hits="1657324662872342528"/><line number="25" hits="3314649325744685056"/><line number="27" hits="6629298651489370112"/><line number="30" hits="9943947977234055168"/><line number="32" hits="1657324662872342528"/><line number="33" hits="1657324662872342528"/><line number="38" hits="1585267068834414592"/><line number="39" hits="1585267068834414592"/><line number="43" hits="144115188075855872"/><line number="44" hits="144115188075855872"/><line number="48" hits="144115188075855872"/><line number="49" hits="144115188075855872"/><line number="53" hits="576460752303423488"/><line number="54" hits="576460752303423488"/><line number="58" hits="72057594037927936"/><line number="59" hits="72057594037927936"/><line number="63" hits="0"/><line number="64" hits="0"/><line number="68" hits="0"/><line number="69" hits="0"/><line number="73" hits="1729382256910270464"/><line number="74" hits="1729382256910270464"/><line number="78" hits="144115188075855872"/><line number="79" hits="144115188075855872"/><line number="83" hits="1297036692682702848"/><line number="84" hits="1297036692682702848"/><line number="88" hits="0"/><line number="89" hits="0"/><line number="93" hits="216172782113783808"/><line number="94" hits="432345564227567616"/><line number="98" hits="72057594037927936"/><line number="99" hits="144115188075855872"/><line number="103" hits="1080863910568919040"/><line number="104" hits="1080863910568919040"/><line number="105" hits="576460752303423488"/><line number="106" hits="1729382256910270464"/><line number="107" hits="1152921504606846976"/><line number="110" hits="288230376151711744"/><line number="111" hits="864691128455135232"/><line number="112" hits="576460752303423488"/><line number="115" hits="144115188075855872"/><line number="116" hits="432345564227567616"/><line number="117" hits="288230376151711744"/><line number="120" hits="288230376151711744"/><line number="121" hits="288230376151711744"/><line number="123" hits="648518346341351424"/><line number="124" hits="648518346341351424"/><line number="126" hits="432345564227567616"/><line number="127" hits="432345564227567616"/><line number="128" hits="720575940379279360"/><line number="130" hits="216172782113783808"/><line number="131" hits="216172782113783808"/><line number="133" hits="0"/><line number="139" hits="144115188075855872"/><line number="140" hits="144115188075855872"/><line number="141" hits="144115188075855872"/><line number="142" hits="216172782113783808"/><line number="143" hits="144115188075855872"/><line number="146" hits="72057594037927936"/><line number="147" hits="216172782113783808"/><line number="148" hits="144115188075855872"/><line number="151" hits="0"/><line number="152" hits="0"/><line number="158" hits="288230376151711744"/><line number="159" hits="864691128455135232"/><line number="163" hits="144115188075855872"/><line number="164" hits="432345564227567616"/><line number="165" hits="288230376151711744"/><line number="170" hits="144115188075855872"/><line number="171" hits="432345564227567616"/><line number="172" hits="288230376151711744"/><line number="177" hits="72057594037927936"/><line number="178" hits="216172782113783808"/></lines></class><class name="canvas" filename="src\canvas.rs" line-rate="0.624031007751938" branch-rate="0" complexity="0"><methods/><lines><line number="40" hits="0"/><line number="46" hits="0"/><line number="50" hits="0"/><line number="51" hits="0"/><line number="55" hits="0"/><line number="56" hits="0"/><line number="57" hits="0"/><line number="58" hits="0"/><line number="59" hits="0"/><line number="60" hits="0"/><line number="61" hits="0"/><line number="62" hits="0"/><line number="63" hits="0"/><line number="65" hits="0"/><line number="66" hits="0"/><line number="67" hits="0"/><line number="68" hits="0"/><line number="69" hits="0"/><line number="70" hits="0"/><line number="71" hits="0"/><line number="75" hits="0"/><line number="76" hits="0"/><line number="77" hits="0"/><line number="82" hits="0"/><line number="83" hits="0"/><line number="84" hits="0"/><line number="85" hits="0"/><line number="86" hits="0"/><line number="87" hits="0"/><line number="88" hits="0"/><line number="90" hits="0"/><line number="91" hits="0"/><line number="92" hits="0"/><line number="94" hits="0"/><line number="96" hits="0"/><line number="97" hits="0"/><line number="98" hits="0"/><line number="99" hits="0"/><line number="100" hits="0"/><line number="101" hits="0"/><line number="103" hits="0"/><line number="115" hits="14483576401623515151"/><line number="116" hits="14483576401623515151"/><line number="117" hits="14483576401623515154"/><line number="118" hits="11745387828182253568"/><line number="120" hits="4251398048237748239"/><line number="121" hits="4251398048237748239"/><line number="122" hits="4251398048237748242"/><line number="123" hits="11745387828182253583"/><line number="135" hits="5980780305148018688"/><line number="139" hits="11961560610296037376"/><line number="143" hits="936748722493063168"/><line number="144" hits="1873497444986126336"/><line number="145" hits="0"/><line number="147" hits="1873497444986126336"/><line number="148" hits="936748722493063168"/><line number="149" hits="1873497444986126336"/><line number="150" hits="1873497444986126336"/><line number="151" hits="1873497444986126336"/><line number="152" hits="936748722493063168"/><line number="156" hits="2810246167479189504"/><line number="157" hits="5620492334958378930"/><line number="158" hits="78"/><line number="160" hits="5620492334958378852"/><line number="161" hits="2810246167479189426"/><line number="162" hits="2810246167479189426"/><line number="163" hits="2810246167479189426"/><line number="164" hits="2810246167479189426"/><line number="167" hits="16429131440647569413"/><line number="168" hits="14339461213547659268"/><line number="169" hits="144115188075855878"/><line number="171" hits="14123288431433875454"/><line number="172" hits="14123288431433875454"/><line number="175" hits="2810246167479189504"/><line number="176" hits="2810246167479189504"/><line number="177" hits="2810246167479189504"/><line number="178" hits="8430738502437568512"/><line number="181" hits="0"/><line number="182" hits="0"/><line number="183" hits="0"/><line number="184" hits="0"/><line number="241" hits="0"/><line number="243" hits="0"/><line number="244" hits="0"/><line number="253" hits="5260204364768739328"/><line number="256" hits="15780613094306217984"/><line number="263" hits="0"/><line number="264" hits="0"/><line number="267" hits="0"/><line number="268" hits="0"/><line number="271" hits="0"/><line number="272" hits="0"/><line number="299" hits="3891110078048108544"/><line number="309" hits="288230376151711744"/><line number="310" hits="288230376151711744"/><line number="313" hits="72057594037927936"/><line number="314" hits="504403158265495552"/><line number="317" hits="144115188075855872"/><line number="318" hits="216172782113783808"/><line number="319" hits="144115188075855872"/><line number="320" hits="144115188075855872"/><line number="321" hits="144115188075855872"/><line number="322" hits="72057594037927936"/><line number="323" hits="72057594037927936"/><line number="325" hits="360287970189639680"/><line number="326" hits="360287970189639680"/><line number="327" hits="360287970189639680"/><line number="328" hits="360287970189639680"/><line number="329" hits="144115188075855872"/><line number="330" hits="144115188075855872"/><line number="331" hits="144115188075855872"/><line number="332" hits="72057594037927936"/><line number="336" hits="1801439850948198400"/><line number="337" hits="3602879701896396800"/><line number="338" hits="0"/><line number="340" hits="1801439850948198400"/><line number="341" hits="0"/><line number="342" hits="0"/><line number="343" hits="0"/><line number="344" hits="0"/><line number="345" hits="0"/><line number="347" hits="9007199254740992000"/><line number="348" hits="9007199254740992000"/><line number="349" hits="9007199254740992000"/><line number="350" hits="9007199254740992000"/><line number="351" hits="3602879701896396800"/><line number="352" hits="3602879701896396800"/><line number="353" hits="3602879701896396800"/><line number="354" hits="1801439850948198400"/><line number="358" hits="144115188075855872"/><line number="359" hits="144115188075855872"/><line number="360" hits="144115188075855872"/><line number="361" hits="144115188075855872"/><line number="362" hits="144115188075855872"/><line number="363" hits="144115188075855872"/><line number="366" hits="5836665117072162816"/><line number="367" hits="5836665117072162816"/><line number="368" hits="5836665117072162816"/><line number="369" hits="5836665117072162816"/><line number="370" hits="5836665117072162816"/><line number="371" hits="5836665117072162816"/><line number="376" hits="0"/><line number="377" hits="0"/><line number="382" hits="3891110078048108544"/><line number="387" hits="15564440312192434176"/><line number="390" hits="3891110078048108544"/><line number="396" hits="3891110078048108544"/><line number="397" hits="3891110078048108544"/><line number="400" hits="360287970189639680"/><line number="401" hits="720575940379279360"/><line number="402" hits="1441151880758558720"/><line number="403" hits="360287970189639680"/><line number="406" hits="1008806316530991104"/><line number="407" hits="1008806316530991104"/><line number="410" hits="2233785415175766016"/><line number="411" hits="2233785415175766016"/><line number="414" hits="2233785415175766016"/><line number="415" hits="2233785415175766016"/><line number="418" hits="1801439850948198400"/><line number="419" hits="1801439850948198400"/><line number="422" hits="5836665117072162816"/><line number="423" hits="5836665117072162816"/><line number="424" hits="4899916394579099648"/><line number="427" hits="144115188075855872"/><line number="428" hits="144115188075855872"/><line number="429" hits="576460752303423488"/><line number="432" hits="1801439850948198400"/><line number="433" hits="1801439850948198400"/><line number="434" hits="10808639105689190400"/><line number="437" hits="216172782113783808"/><line number="438" hits="216172782113783808"/><line number="441" hits="144115188075855872"/><line number="442" hits="288230376151711744"/><line number="443" hits="288230376151711744"/><line number="444" hits="144115188075855872"/><line number="447" hits="2810246167479189504"/><line number="448" hits="2810246167479189504"/><line number="449" hits="2810246167479189504"/><line number="450" hits="8430738502437568512"/><line number="451" hits="8430738502437568512"/><line number="453" hits="5620492334958379008"/><line number="456" hits="0"/><line number="457" hits="0"/><line number="458" hits="0"/><line number="461" hits="0"/><line number="462" hits="0"/><line number="463" hits="0"/><line number="465" hits="0"/><line number="468" hits="144115188075855872"/><line number="469" hits="144115188075855872"/><line number="472" hits="0"/><line number="473" hits="0"/><line number="476" hits="1224979098644774912"/><line number="477" hits="1224979098644774912"/><line number="480" hits="1801439850948198400"/><line number="481" hits="1801439850948198400"/><line number="484" hits="1441151880758558720"/><line number="485" hits="2882303761517117440"/><line number="488" hits="432345564227567616"/><line number="489" hits="432345564227567616"/><line number="492" hits="0"/><line number="493" hits="0"/><line number="494" hits="0"/><line number="496" hits="0"/><line number="497" hits="0"/><line number="500" hits="1297036692682702848"/><line number="502" hits="1297036692682702848"/><line number="503" hits="0"/><line number="505" hits="7782220156096217088"/><line number="506" hits="7782220156096217088"/><line number="507" hits="2594073385365405696"/><line number="508" hits="1297036692682702848"/><line number="511" hits="720575940379279360"/><line number="512" hits="720575940379279360"/><line number="513" hits="0"/><line number="515" hits="1441151880758558720"/><line number="516" hits="0"/><line number="518" hits="2161727821137838080"/><line number="519" hits="1441151880758558720"/><line number="520" hits="0"/><line number="522" hits="1441151880758558720"/><line number="523" hits="720575940379279360"/><line number="526" hits="72057594037927936"/><line number="527" hits="288230376151711744"/><line number="528" hits="0"/><line number="530" hits="288230376151711744"/><line number="531" hits="288230376151711744"/><line number="532" hits="144115188075855872"/><line number="533" hits="72057594037927936"/><line number="535" hits="144115188075855872"/><line number="536" hits="72057594037927936"/><line number="539" hits="360287970189639680"/><line number="540" hits="720575940379279360"/><line number="541" hits="0"/><line number="543" hits="720575940379279360"/><line number="544" hits="720575940379279360"/><line number="545" hits="360287970189639680"/><line number="548" hits="288230376151711744"/><line number="549" hits="576460752303423488"/><line number="550" hits="0"/><line number="552" hits="576460752303423488"/><line number="553" hits="576460752303423488"/><line number="554" hits="288230376151711744"/><line number="557" hits="0"/><line number="558" hits="0"/><line number="559" hits="0"/><line number="561" hits="0"/><line number="562" hits="0"/><line number="563" hits="0"/><line number="566" hits="0"/><line number="567" hits="0"/><line number="568" hits="0"/><line number="570" hits="0"/><line number="571" hits="0"/><line number="574" hits="576460752303423488"/><line number="575" hits="576460752303423488"/><line number="578" hits="0"/><line number="579" hits="0"/></lines></class><class name="commands" filename="src\commands.rs" line-rate="0.8225806451612904" branch-rate="0" complexity="0"><methods/><lines><line number="22" hits="792633534417207296"/><line number="23" hits="792633534417207296"/><line number="24" hits="2594073385365405696"/><line number="25" hits="288230376151711744"/><line number="26" hits="72057594037927936"/><line number="27" hits="216172782113783808"/><line number="28" hits="72057594037927936"/><line number="30" hits="0"/><line number="31" hits="0"/><line number="32" hits="0"/><line number="37" hits="432345564227567616"/><line number="38" hits="432345564227567616"/><line number="39" hits="1441151880758558720"/><line number="40" hits="0"/><line number="41" hits="72057594037927936"/><line number="42" hits="216172782113783808"/><line number="43" hits="72057594037927936"/><line number="45" hits="0"/><line number="46" hits="0"/><line number="47" hits="0"/><line number="62" hits="0"/><line number="71" hits="1008806316530991104"/><line number="72" hits="5044031582654955520"/><line number="73" hits="2017612633061982208"/><line number="74" hits="1008806316530991104"/><line number="75" hits="1008806316530991104"/><line number="78" hits="504403158265495552"/><line number="79" hits="1008806316530991104"/><line number="80" hits="1008806316530991104"/><line number="81" hits="504403158265495552"/><line number="82" hits="1008806316530991104"/><line number="83" hits="1513209474796486656"/><line number="85" hits="0"/><line number="88" hits="0"/><line number="101" hits="144115188075855872"/><line number="110" hits="144115188075855872"/><line number="111" hits="288230376151711744"/><line number="112" hits="432345564227567616"/><line number="115" hits="72057594037927936"/><line number="116" hits="144115188075855872"/><line number="117" hits="288230376151711744"/><line number="118" hits="144115188075855872"/><line number="119" hits="72057594037927936"/><line number="121" hits="0"/><line number="134" hits="144115188075855872"/><line number="146" hits="144115188075855872"/><line number="147" hits="432345564227567616"/><line number="148" hits="144115188075855872"/><line number="150" hits="288230376151711744"/><line number="153" hits="144115188075855872"/><line number="154" hits="432345564227567616"/><line number="155" hits="288230376151711744"/><line number="156" hits="144115188075855872"/><line number="170" hits="72057594037927936"/><line number="183" hits="72057594037927936"/><line number="184" hits="216172782113783808"/><line number="185" hits="72057594037927936"/><line number="187" hits="216172782113783808"/><line number="190" hits="72057594037927936"/><line number="191" hits="216172782113783808"/><line number="192" hits="144115188075855872"/><line number="193" hits="72057594037927936"/></lines></class><class name="compositor" filename="src\compositor.rs" line-rate="0.7789473684210526" branch-rate="0" complexity="0"><methods/><lines><line number="11" hits="1297036692682702848"/><line number="12" hits="2594073385365405696"/><line number="13" hits="2594073385365405696"/><line number="14" hits="2594073385365405696"/><line number="15" hits="2594073385365405696"/><line number="17" hits="3891110078048108544"/><line number="18" hits="2594073385365405696"/><line number="20" hits="3891110078048108544"/><line number="21" hits="3891110078048108544"/><line number="22" hits="3891110078048108544"/><line number="24" hits="2594073385365405696"/><line number="25" hits="2594073385365405696"/><line number="26" hits="2594073385365405696"/><line number="27" hits="2594073385365405696"/><line number="36" hits="576460752303423488"/><line number="43" hits="216172782113783808"/><line number="44" hits="432345564227567616"/><line number="45" hits="648518346341351424"/><line number="47" hits="7133701809754865664"/><line number="48" hits="6917529027641081856"/><line number="49" hits="6917529027641081856"/><line number="50" hits="6917529027641081856"/><line number="51" hits="3458764513820540928"/><line number="54" hits="504403158265495669"/><line number="55" hits="288230376151711861"/><line number="56" hits="72057594037928053"/><line number="59" hits="432345564227567616"/><line number="60" hits="432345564227567616"/><line number="62" hits="3674937295934324736"/><line number="63" hits="6917529027641081856"/><line number="64" hits="6917529027641081856"/><line number="65" hits="6917529027641081856"/><line number="66" hits="6917529027641081856"/><line number="68" hits="3458764513820540928"/><line number="69" hits="2305843009213694069"/><line number="72" hits="8070450532247928013"/><line number="77" hits="432345564227567616"/><line number="78" hits="216172782113783808"/><line number="83" hits="360287970189639758"/><line number="84" hits="648518346341351580"/><line number="85" hits="72057594037927936"/><line number="86" hits="72057594037927936"/><line number="87" hits="72057594037927936"/><line number="88" hits="72057594037927936"/><line number="92" hits="1152921504606847288"/><line number="93" hits="1152921504606847288"/><line number="94" hits="1152921504606847288"/><line number="95" hits="1152921504606847288"/><line number="97" hits="576460752303423644"/><line number="98" hits="864691128455135466"/><line number="100" hits="14699749183737298866"/><line number="101" hits="14411518807585587044"/><line number="102" hits="14411518807585587044"/><line number="103" hits="14411518807585587044"/><line number="104" hits="7205759403792793522"/><line number="107" hits="576460752303423488"/><line number="108" hits="288230376151711666"/><line number="109" hits="72057594037927858"/><line number="112" hits="432345564227567616"/><line number="113" hits="432345564227567616"/><line number="114" hits="432345564227567616"/><line number="116" hits="1297036692682702848"/><line number="117" hits="6485183463413514240"/><line number="118" hits="10808639105689190400"/><line number="119" hits="10808639105689190400"/><line number="121" hits="10808639105689190400"/><line number="122" hits="10808639105689190400"/><line number="124" hits="10808639105689190400"/><line number="125" hits="10808639105689190400"/><line number="126" hits="10808639105689190400"/><line number="127" hits="10808639105689190400"/><line number="129" hits="5404319552844595200"/><line number="130" hits="5260204364768739328"/><line number="133" hits="1008806316530991104"/><line number="148" hits="0"/><line number="149" hits="0"/><line number="151" hits="0"/><line number="152" hits="0"/><line number="153" hits="0"/><line number="154" hits="0"/><line number="155" hits="0"/><line number="156" hits="0"/><line number="159" hits="0"/><line number="160" hits="0"/><line number="163" hits="0"/><line number="164" hits="0"/><line number="166" hits="0"/><line number="167" hits="0"/><line number="168" hits="0"/><line number="170" hits="0"/><line number="172" hits="0"/><line number="175" hits="0"/><line number="176" hits="0"/><line number="181" hits="0"/><line number="182" hits="0"/></lines></class><class name="logger" filename="src\logger.rs" line-rate="0.8163265306122449" branch-rate="0" complexity="0"><methods/><lines><line number="24" hits="504403158265495552"/><line number="25" hits="504403158265495552"/><line number="26" hits="72057594037927936"/><line number="27" hits="144115188075855872"/><line number="28" hits="144115188075855872"/><line number="29" hits="144115188075855872"/><line number="38" hits="72057594037927936"/><line number="39" hits="144115188075855872"/><line number="40" hits="144115188075855872"/><line number="41" hits="72057594037927936"/><line number="42" hits="72057594037927936"/><line number="45" hits="0"/><line number="51" hits="72057594037927936"/><line number="52" hits="144115188075855872"/><line number="53" hits="144115188075855872"/><line number="57" hits="144115188075855872"/><line number="59" hits="288230376151711744"/><line number="60" hits="144115188075855872"/><line number="62" hits="144115188075855872"/><line number="63" hits="288230376151711744"/><line number="64" hits="144115188075855872"/><line number="68" hits="216172782113783808"/><line number="69" hits="288230376151711744"/><line number="70" hits="72057594037927936"/><line number="73" hits="144115188075855872"/><line number="74" hits="72057594037927936"/><line number="76" hits="72057594037927936"/><line number="80" hits="216172782113783808"/><line number="81" hits="864691128455135232"/><line number="82" hits="864691128455135232"/><line number="84" hits="432345564227567616"/><line number="85" hits="432345564227567616"/><line number="87" hits="864691128455135232"/><line number="88" hits="216172782113783808"/><line number="91" hits="216172782113783808"/><line number="95" hits="0"/><line number="96" hits="0"/><line number="100" hits="72057594037927936"/><line number="101" hits="216172782113783808"/><line number="105" hits="72057594037927936"/><line number="106" hits="216172782113783808"/><line number="110" hits="72057594037927936"/><line number="111" hits="216172782113783808"/><line number="121" hits="0"/><line number="124" hits="0"/><line number="130" hits="0"/><line number="131" hits="0"/><line number="133" hits="0"/><line number="134" hits="0"/></lines></class><class name="preferences" filename="src\preferences.rs" line-rate="0.3125" branch-rate="0" complexity="0"><methods/><lines><line number="69" hits="72057594037927936"/><line number="70" hits="72057594037927936"/><line number="71" hits="72057594037927936"/><line number="76" hits="792633534417207296"/><line number="78" hits="2377900603251621888"/><line number="79" hits="1585267068834414592"/><line number="84" hits="1585267068834414592"/><line number="89" hits="1585267068834414592"/><line number="95" hits="792633534417207296"/><line number="100" hits="792633534417207296"/><line number="111" hits="72057594037927936"/><line number="112" hits="216172782113783808"/><line number="116" hits="72057594037927936"/><line number="124" hits="144115188075855872"/><line number="125" hits="72057594037927936"/><line number="130" hits="0"/><line number="131" hits="0"/><line number="133" hits="0"/><line number="134" hits="0"/><line number="135" hits="0"/><line number="136" hits="0"/><line number="138" hits="0"/><line number="139" hits="0"/><line number="140" hits="0"/><line number="142" hits="0"/><line number="145" hits="0"/><line number="146" hits="0"/><line number="147" hits="0"/><line number="148" hits="0"/><line number="149" hits="0"/><line number="151" hits="0"/><line number="152" hits="0"/><line number="153" hits="0"/><line number="154" hits="0"/><line number="156" hits="0"/><line number="159" hits="0"/><line number="160" hits="0"/><line number="161" hits="0"/><line number="162" hits="0"/><line number="164" hits="0"/><line number="170" hits="0"/><line number="171" hits="0"/><line number="173" hits="0"/><line number="174" hits="0"/><line number="177" hits="0"/><line number="178" hits="0"/><line number="179" hits="0"/><line number="181" hits="0"/></lines></class><class name="viewport" filename="src\viewport.rs" line-rate="1" branch-rate="0" complexity="0"><methods/><lines><line number="16" hits="3386706919782612992"/><line number="17" hits="13186539708940812288"/><line number="19" hits="6052837899185946624"/><line number="20" hits="3026418949592973312"/><line number="23" hits="360287970189639680"/><line number="37" hits="648518346341351424"/><line number="38" hits="1297036692682702848"/><line number="39" hits="648518346341351424"/><line number="40" hits="1297036692682702848"/><line number="41" hits="1297036692682702848"/><line number="42" hits="1297036692682702848"/><line number="43" hits="1297036692682702848"/><line number="46" hits="144115188075855872"/><line number="47" hits="288230376151711744"/><line number="48" hits="144115188075855872"/><line number="49" hits="144115188075855872"/><line number="54" hits="144115188075855872"/><line number="55" hits="288230376151711744"/><line number="56" hits="144115188075855872"/><line number="57" hits="144115188075855872"/><line number="58" hits="144115188075855872"/><line number="62" hits="360287970189639680"/><line number="63" hits="360287970189639680"/><line number="64" hits="360287970189639680"/><line number="67" hits="360287970189639680"/><line number="68" hits="1801439850948198400"/><line number="71" hits="144115188075855872"/><line number="72" hits="288230376151711744"/><line number="73" hits="288230376151711744"/><line number="74" hits="432345564227567616"/><line number="75" hits="288230376151711744"/><line number="76" hits="288230376151711744"/><line number="79" hits="72057594037927936"/><line number="80" hits="72057594037927936"/><line number="81" hits="72057594037927936"/><line number="82" hits="72057594037927936"/><line number="85" hits="288230376151711744"/><line number="86" hits="288230376151711744"/><line number="87" hits="288230376151711744"/><line number="88" hits="1080863910568919040"/><line number="89" hits="432345564227567616"/><line number="91" hits="72057594037927936"/><line number="93" hits="288230376151711744"/><line number="94" hits="288230376151711744"/><line number="97" hits="1152921504606846976"/><line number="98" hits="2305843009213693952"/><line number="99" hits="2305843009213693952"/><line number="100" hits="4395513236313604096"/><line number="101" hits="1080863910568919040"/><line number="103" hits="72057594037927936"/><line number="109" hits="504403158265495552"/><line number="110" hits="1008806316530991104"/><line number="111" hits="1008806316530991104"/><line number="112" hits="1513209474796486656"/><line number="113" hits="1513209474796486656"/><line number="115" hits="1008806316530991104"/><line number="116" hits="1008806316530991104"/><line number="117" hits="2017612633061982208"/><line number="118" hits="2017612633061982208"/><line number="120" hits="3530822107858468864"/><line number="127" hits="144115188075855872"/><line number="128" hits="720575940379279360"/><line number="130" hits="288230376151711744"/><line number="131" hits="288230376151711744"/><line number="132" hits="288230376151711744"/><line number="133" hits="288230376151711744"/><line number="135" hits="288230376151711744"/><line number="136" hits="288230376151711744"/><line number="137" hits="288230376151711744"/><line number="138" hits="288230376151711744"/><line number="140" hits="1008806316530991104"/></lines></class></classes></package><package name="src\ui" line-rate="0.10727969348659004" branch-rate="0" complexity="0"><classes><class name="egui_impl" filename="src\ui\egui_impl.rs" line-rate="0.04721030042918455" branch-rate="0" complexity="0"><methods/><lines><line number="18" hits="0"/><line number="20" hits="0"/><line number="24" hits="0"/><line number="25" hits="0"/><line number="26" hits="0"/><line number="27" hits="0"/><line number="28" hits="0"/><line number="29" hits="0"/><line number="30" hits="0"/><line number="31" hits="0"/><line number="32" hits="0"/><line number="33" hits="0"/><line number="34" hits="0"/><line number="36" hits="0"/><line number="39" hits="0"/><line number="40" hits="0"/><line number="41" hits="0"/><line number="42" hits="0"/><line number="43" hits="0"/><line number="46" hits="0"/><line number="47" hits="0"/><line number="48" hits="0"/><line number="49" hits="0"/><line number="52" hits="0"/><line number="55" hits="0"/><line number="56" hits="0"/><line number="73" hits="0"/><line number="75" hits="0"/><line number="76" hits="0"/><line number="77" hits="0"/><line number="78" hits="0"/><line number="79" hits="0"/><line number="80" hits="0"/><line number="81" hits="0"/><line number="82" hits="0"/><line number="86" hits="0"/><line number="88" hits="0"/><line number="89" hits="0"/><line number="90" hits="0"/><line number="91" hits="0"/><line number="92" hits="0"/><line number="93" hits="0"/><line number="94" hits="0"/><line number="95" hits="0"/><line number="101" hits="504403158265495552"/><line number="105" hits="504403158265495552"/><line number="106" hits="504403158265495552"/><line number="107" hits="504403158265495552"/><line number="108" hits="504403158265495552"/><line number="113" hits="360287970189639680"/><line number="115" hits="1080863910568919040"/><line number="116" hits="360287970189639680"/><line number="117" hits="0"/><line number="120" hits="720575940379279360"/><line number="121" hits="720575940379279360"/><line number="122" hits="360287970189639680"/><line number="129" hits="0"/><line number="130" hits="0"/><line number="133" hits="0"/><line number="134" hits="0"/><line number="135" hits="0"/><line number="136" hits="0"/><line number="137" hits="0"/><line number="138" hits="0"/><line number="139" hits="0"/><line number="140" hits="0"/><line number="141" hits="0"/><line number="142" hits="0"/><line number="143" hits="0"/><line number="144" hits="0"/><line number="145" hits="0"/><line number="148" hits="0"/><line number="149" hits="0"/><line number="150" hits="0"/><line number="153" hits="0"/><line number="155" hits="0"/><line number="156" hits="0"/><line number="159" hits="0"/><line number="160" hits="0"/><line number="161" hits="0"/><line number="162" hits="0"/><line number="163" hits="0"/><line number="165" hits="0"/><line number="166" hits="0"/><line number="171" hits="0"/><line number="172" hits="0"/><line number="173" hits="0"/><line number="174" hits="0"/><line number="175" hits="0"/><line number="177" hits="0"/><line number="182" hits="0"/><line number="185" hits="0"/><line number="186" hits="0"/><line number="187" hits="0"/><line number="188" hits="0"/><line number="189" hits="0"/><line number="191" hits="0"/><line number="192" hits="0"/><line number="197" hits="0"/><line number="198" hits="0"/><line number="199" hits="0"/><line number="200" hits="0"/><line number="201" hits="0"/><line number="203" hits="0"/><line number="204" hits="0"/><line number="208" hits="0"/><line number="214" hits="0"/><line number="215" hits="0"/><line number="216" hits="0"/><line number="219" hits="0"/><line number="221" hits="0"/><line number="222" hits="0"/><line number="223" hits="0"/><line number="224" hits="0"/><line number="225" hits="0"/><line number="226" hits="0"/><line number="228" hits="0"/><line number="230" hits="0"/><line number="231" hits="0"/><line number="233" hits="0"/><line number="236" hits="0"/><line number="237" hits="0"/><line number="238" hits="0"/><line number="239" hits="0"/><line number="244" hits="0"/><line number="246" hits="0"/><line number="247" hits="0"/><line number="248" hits="0"/><line number="249" hits="0"/><line number="250" hits="0"/><line number="251" hits="0"/><line number="253" hits="0"/><line number="255" hits="0"/><line number="256" hits="0"/><line number="258" hits="0"/><line number="261" hits="0"/><line number="262" hits="0"/><line number="263" hits="0"/><line number="264" hits="0"/><line number="271" hits="0"/><line number="272" hits="0"/><line number="273" hits="0"/><line number="276" hits="0"/><line number="277" hits="0"/><line number="278" hits="0"/><line number="280" hits="0"/><line number="281" hits="0"/><line number="282" hits="0"/><line number="283" hits="0"/><line number="284" hits="0"/><line number="285" hits="0"/><line number="286" hits="0"/><line number="287" hits="0"/><line number="290" hits="0"/><line number="291" hits="0"/><line number="292" hits="0"/><line number="295" hits="0"/><line number="296" hits="0"/><line number="297" hits="0"/><line number="298" hits="0"/><line number="300" hits="0"/><line number="301" hits="0"/><line number="304" hits="0"/><line number="305" hits="0"/><line number="306" hits="0"/><line number="307" hits="0"/><line number="308" hits="0"/><line number="309" hits="0"/><line number="310" hits="0"/><line number="311" hits="0"/><line number="312" hits="0"/><line number="313" hits="0"/><line number="314" hits="0"/><line number="315" hits="0"/><line number="316" hits="0"/><line number="317" hits="0"/><line number="319" hits="0"/><line number="320" hits="0"/><line number="327" hits="0"/><line number="328" hits="0"/><line number="329" hits="0"/><line number="330" hits="0"/><line number="331" hits="0"/><line number="332" hits="0"/><line number="334" hits="0"/><line number="335" hits="0"/><line number="340" hits="0"/><line number="341" hits="0"/><line number="342" hits="0"/><line number="343" hits="0"/><line number="346" hits="0"/><line number="347" hits="0"/><line number="350" hits="0"/><line number="351" hits="0"/><line number="355" hits="0"/><line number="356" hits="0"/><line number="360" hits="0"/><line number="361" hits="0"/><line number="362" hits="0"/><line number="363" hits="0"/><line number="367" hits="0"/><line number="368" hits="0"/><line number="369" hits="0"/><line number="370" hits="0"/><line number="373" hits="0"/><line number="379" hits="0"/><line number="383" hits="0"/><line number="384" hits="0"/><line number="385" hits="0"/><line number="386" hits="0"/><line number="387" hits="0"/><line number="388" hits="0"/><line number="392" hits="0"/><line number="393" hits="0"/><line number="396" hits="0"/><line number="397" hits="0"/><line number="399" hits="0"/><line number="400" hits="0"/><line number="401" hits="0"/><line number="402" hits="0"/><line number="403" hits="0"/><line number="404" hits="0"/><line number="406" hits="0"/><line number="407" hits="0"/><line number="408" hits="0"/><line number="409" hits="0"/><line number="412" hits="0"/><line number="413" hits="0"/><line number="414" hits="0"/><line number="420" hits="0"/><line number="421" hits="0"/><line number="423" hits="0"/><line number="427" hits="0"/></lines></class><class name="state" filename="src\ui\state.rs" line-rate="0.6071428571428571" branch-rate="0" complexity="0"><methods/><lines><line number="34" hits="1008806316530991104"/><line number="49" hits="1080863910568919040"/><line number="50" hits="1080863910568919040"/><line number="54" hits="1152921504606846976"/><line number="55" hits="1152921504606846976"/><line number="56" hits="1152921504606846976"/><line number="57" hits="0"/><line number="58" hits="0"/><line number="59" hits="0"/><line number="60" hits="3458764513820540928"/><line number="61" hits="2305843009213693952"/><line number="67" hits="144115188075855872"/><line number="68" hits="288230376151711744"/><line number="72" hits="72057594037927936"/><line number="73" hits="288230376151711744"/><line number="74" hits="216172782113783808"/><line number="79" hits="0"/><line number="80" hits="0"/><line number="81" hits="0"/><line number="86" hits="0"/><line number="87" hits="0"/><line number="88" hits="0"/><line number="93" hits="72057594037927936"/><line number="94" hits="144115188075855872"/><line number="98" hits="72057594037927936"/><line number="99" hits="144115188075855872"/><line number="104" hits="0"/><line number="105" hits="0"/></lines></class></classes></package></packages></coverage>